<?xml version="1.0" encoding="UTF-8"?>
<!-- Generated by org.testng.reporters.JUnitReportReporter -->
<testsuite skipped="0" hostname="HeavensDoor" name="sec_18.MyTestNG" tests="4" failures="0" timestamp="2019-11-23T12:41:20 CET" time="0.032" errors="0">
  <testcase name="Demo" time="0.016" classname="sec_18.MyTestNG"/>
  <testcase name="SecondTest" time="0.000" classname="sec_18.MyTestNG"/>
  <testcase name="SecondTest" time="0.000" classname="sec_18.MyTestNG"/>
  <testcase name="Demo" time="0.016" classname="sec_18.MyTestNG"/>
</testsuite> <!-- sec_18.MyTestNG -->
